<?xml version="1.0" encoding="UTF-8"?>
<testsuite name="TDD" tests="12" skipped="0" failures="0" errors="0" timestamp="2022-11-08T00:10:10" hostname="MacBook-Pro.attlocal.net" time="0.012">
  <properties/>
  <testcase name="attackTestHealthDru" classname="TDD" time="0.006"/>
  <testcase name="attackTestHealthWiz" classname="TDD" time="0.001"/>
  <testcase name="takeDamageTestCheckCondition" classname="TDD" time="0.001"/>
  <testcase name="attackTestHealthcheckLevelUp" classname="TDD" time="0.0"/>
  <testcase name="test2dealDamageNormal" classname="TDD" time="0.0"/>
  <testcase name="takeDamageTestLess" classname="TDD" time="0.0"/>
  <testcase name="takeDamageTestSame" classname="TDD" time="0.0"/>
  <testcase name="takeDamageTestdiff" classname="TDD" time="0.0"/>
  <testcase name="attackTestWizDru" classname="TDD" time="0.0"/>
  <testcase name="takeDamageTestHealth" classname="TDD" time="0.0"/>
  <testcase name="attackTestHealthDru2" classname="TDD" time="0.0"/>
  <testcase name="takeDamageTestHealth2" classname="TDD" time="0.0"/>
  <system-out><![CDATA[]]></system-out>
  <system-err><![CDATA[]]></system-err>
</testsuite>
