<?xml version="1.0" encoding="UTF-8"?>
<testsuite name="BlackBoxGiven" tests="60" skipped="0" failures="0" errors="0" timestamp="2022-10-26T18:21:45" hostname="MacBook-Pro.local" time="0.03">
  <properties/>
  <testcase name="dealDamageHealth[0]" classname="BlackBoxGiven" time="0.005"/>
  <testcase name="takeDamageTest2[0]" classname="BlackBoxGiven" time="0.0"/>
  <testcase name="takeDamageTest3[0]" classname="BlackBoxGiven" time="0.001"/>
  <testcase name="takeDamageTest5[0]" classname="BlackBoxGiven" time="0.001"/>
  <testcase name="attackTest1[0]" classname="BlackBoxGiven" time="0.0"/>
  <testcase name="attackTest2[0]" classname="BlackBoxGiven" time="0.0"/>
  <testcase name="attackTestHealth[0]" classname="BlackBoxGiven" time="0.001"/>
  <testcase name="takeDamageTestLess[0]" classname="BlackBoxGiven" time="0.001"/>
  <testcase name="takeDamageTestSame[0]" classname="BlackBoxGiven" time="0.0"/>
  <testcase name="dealtDamageNormalExperience[0]" classname="BlackBoxGiven" time="0.0"/>
  <testcase name="dealDamageHealth1[0]" classname="BlackBoxGiven" time="0.0"/>
  <testcase name="dealDamageHealth2[0]" classname="BlackBoxGiven" time="0.0"/>
  <testcase name="dealDamageHealth[1]" classname="BlackBoxGiven" time="0.0"/>
  <testcase name="takeDamageTest2[1]" classname="BlackBoxGiven" time="0.0"/>
  <testcase name="takeDamageTest3[1]" classname="BlackBoxGiven" time="0.0"/>
  <testcase name="takeDamageTest5[1]" classname="BlackBoxGiven" time="0.0"/>
  <testcase name="attackTest1[1]" classname="BlackBoxGiven" time="0.0"/>
  <testcase name="attackTest2[1]" classname="BlackBoxGiven" time="0.0"/>
  <testcase name="attackTestHealth[1]" classname="BlackBoxGiven" time="0.0"/>
  <testcase name="takeDamageTestLess[1]" classname="BlackBoxGiven" time="0.0"/>
  <testcase name="takeDamageTestSame[1]" classname="BlackBoxGiven" time="0.0"/>
  <testcase name="dealtDamageNormalExperience[1]" classname="BlackBoxGiven" time="0.0"/>
  <testcase name="dealDamageHealth1[1]" classname="BlackBoxGiven" time="0.001"/>
  <testcase name="dealDamageHealth2[1]" classname="BlackBoxGiven" time="0.0"/>
  <testcase name="dealDamageHealth[2]" classname="BlackBoxGiven" time="0.0"/>
  <testcase name="takeDamageTest2[2]" classname="BlackBoxGiven" time="0.0"/>
  <testcase name="takeDamageTest3[2]" classname="BlackBoxGiven" time="0.0"/>
  <testcase name="takeDamageTest5[2]" classname="BlackBoxGiven" time="0.0"/>
  <testcase name="attackTest1[2]" classname="BlackBoxGiven" time="0.0"/>
  <testcase name="attackTest2[2]" classname="BlackBoxGiven" time="0.0"/>
  <testcase name="attackTestHealth[2]" classname="BlackBoxGiven" time="0.0"/>
  <testcase name="takeDamageTestLess[2]" classname="BlackBoxGiven" time="0.0"/>
  <testcase name="takeDamageTestSame[2]" classname="BlackBoxGiven" time="0.0"/>
  <testcase name="dealtDamageNormalExperience[2]" classname="BlackBoxGiven" time="0.0"/>
  <testcase name="dealDamageHealth1[2]" classname="BlackBoxGiven" time="0.0"/>
  <testcase name="dealDamageHealth2[2]" classname="BlackBoxGiven" time="0.001"/>
  <testcase name="dealDamageHealth[3]" classname="BlackBoxGiven" time="0.001"/>
  <testcase name="takeDamageTest2[3]" classname="BlackBoxGiven" time="0.0"/>
  <testcase name="takeDamageTest3[3]" classname="BlackBoxGiven" time="0.0"/>
  <testcase name="takeDamageTest5[3]" classname="BlackBoxGiven" time="0.0"/>
  <testcase name="attackTest1[3]" classname="BlackBoxGiven" time="0.001"/>
  <testcase name="attackTest2[3]" classname="BlackBoxGiven" time="0.0"/>
  <testcase name="attackTestHealth[3]" classname="BlackBoxGiven" time="0.0"/>
  <testcase name="takeDamageTestLess[3]" classname="BlackBoxGiven" time="0.0"/>
  <testcase name="takeDamageTestSame[3]" classname="BlackBoxGiven" time="0.0"/>
  <testcase name="dealtDamageNormalExperience[3]" classname="BlackBoxGiven" time="0.0"/>
  <testcase name="dealDamageHealth1[3]" classname="BlackBoxGiven" time="0.0"/>
  <testcase name="dealDamageHealth2[3]" classname="BlackBoxGiven" time="0.0"/>
  <testcase name="dealDamageHealth[4]" classname="BlackBoxGiven" time="0.0"/>
  <testcase name="takeDamageTest2[4]" classname="BlackBoxGiven" time="0.0"/>
  <testcase name="takeDamageTest3[4]" classname="BlackBoxGiven" time="0.0"/>
  <testcase name="takeDamageTest5[4]" classname="BlackBoxGiven" time="0.001"/>
  <testcase name="attackTest1[4]" classname="BlackBoxGiven" time="0.0"/>
  <testcase name="attackTest2[4]" classname="BlackBoxGiven" time="0.0"/>
  <testcase name="attackTestHealth[4]" classname="BlackBoxGiven" time="0.0"/>
  <testcase name="takeDamageTestLess[4]" classname="BlackBoxGiven" time="0.0"/>
  <testcase name="takeDamageTestSame[4]" classname="BlackBoxGiven" time="0.0"/>
  <testcase name="dealtDamageNormalExperience[4]" classname="BlackBoxGiven" time="0.0"/>
  <testcase name="dealDamageHealth1[4]" classname="BlackBoxGiven" time="0.0"/>
  <testcase name="dealDamageHealth2[4]" classname="BlackBoxGiven" time="0.0"/>
  <system-out><![CDATA[]]></system-out>
  <system-err><![CDATA[]]></system-err>
</testsuite>
