<?xml version="1.0" encoding="UTF-8"?>
<testsuite name="BlackBoxGiven" tests="5" skipped="0" failures="0" errors="0" timestamp="2022-10-17T19:59:04" hostname="EN4217758-SCAI.local" time="0.001">
  <properties/>
  <testcase name="dealtDamageNormalExperience[0]" classname="BlackBoxGiven" time="0.0"/>
  <testcase name="dealtDamageNormalExperience[1]" classname="BlackBoxGiven" time="0.0"/>
  <testcase name="dealtDamageNormalExperience[2]" classname="BlackBoxGiven" time="0.001"/>
  <testcase name="dealtDamageNormalExperience[3]" classname="BlackBoxGiven" time="0.0"/>
  <testcase name="dealtDamageNormalExperience[4]" classname="BlackBoxGiven" time="0.0"/>
  <system-out><![CDATA[]]></system-out>
  <system-err><![CDATA[]]></system-err>
</testsuite>
