<?xml version="1.0" encoding="UTF-8"?>
<testsuite name="TDD" tests="12" skipped="0" failures="0" errors="0" timestamp="2022-11-09T21:52:55" hostname="MacBook-Pro.attlocal.net" time="0.013">
  <properties/>
  <testcase name="attackTestHealthDru" classname="TDD" time="0.0"/>
  <testcase name="attackTestHealthWiz" classname="TDD" time="0.0"/>
  <testcase name="takeDamageTestCheckCondition" classname="TDD" time="0.0"/>
  <testcase name="attackTestHealthcheckLevelUp" classname="TDD" time="0.001"/>
  <testcase name="test2dealDamageNormal" classname="TDD" time="0.001"/>
  <testcase name="takeDamageTestLess" classname="TDD" time="0.001"/>
  <testcase name="takeDamageTestSame" classname="TDD" time="0.002"/>
  <testcase name="takeDamageTestdiff" classname="TDD" time="0.001"/>
  <testcase name="attackTestWizDru" classname="TDD" time="0.0"/>
  <testcase name="takeDamageTestHealth" classname="TDD" time="0.001"/>
  <testcase name="attackTestHealthDru2" classname="TDD" time="0.001"/>
  <testcase name="takeDamageTestHealth2" classname="TDD" time="0.001"/>
  <system-out><![CDATA[Not Implemented here your job in assign 3
Not Implemented here your job in assign 3
Not Implemented here your job in assign 3
Not Implemented here your job in assign 3
Not Implemented here, your job in assign 3
Not Implemented here your job in assign 3
Not Implemented here your job in assign 3
Not Implemented here your job in assign 3
Not Implemented here your job in assign 3
Not Implemented here your job in assign 3
Not Implemented here your job in assign 3
Not Implemented here your job in assign 3
]]></system-out>
  <system-err><![CDATA[]]></system-err>
</testsuite>
