<?xml version="1.0" encoding="UTF-8"?>
<testsuite name="WhiteBoxGiven" tests="8" skipped="0" failures="0" errors="0" timestamp="2022-11-09T21:52:55" hostname="MacBook-Pro.attlocal.net" time="0.029">
  <properties/>
  <testcase name="testPlay" classname="WhiteBoxGiven" time="0.018"/>
  <testcase name="checkLevelUp" classname="WhiteBoxGiven" time="0.001"/>
  <testcase name="takeDamageTestHealth" classname="WhiteBoxGiven" time="0.001"/>
  <testcase name="checkLevelUp1" classname="WhiteBoxGiven" time="0.0"/>
  <testcase name="checkLevelUp2" classname="WhiteBoxGiven" time="0.0"/>
  <testcase name="checkLevelUp3" classname="WhiteBoxGiven" time="0.001"/>
  <testcase name="checkLevelUp4" classname="WhiteBoxGiven" time="0.0"/>
  <testcase name="dealDamageWB" classname="WhiteBoxGiven" time="0.001"/>
  <system-out><![CDATA[Not Implemented here your job in assign 3
Not Implemented here your job in assign 3
Not Implemented here your job in assign 3
Not Implemented here your job in assign 3
Not Implemented here your job in assign 3
Not Implemented here your job in assign 3
Not Implemented here your job in assign 3
Not Implemented here, your job in assign 3
]]></system-out>
  <system-err><![CDATA[]]></system-err>
</testsuite>
